<?xml version="1.0" encoding="UTF-8"?>
<testng-results ignored="0" total="1" passed="1" failed="0" skipped="0">
  <reporter-output>
  </reporter-output>
  <suite started-at="2022-11-08T01:13:02 EAT" name="Suite" finished-at="2022-11-08T01:13:11 EAT" duration-ms="9174">
    <groups>
    </groups>
    <test started-at="2022-11-08T01:13:02 EAT" name="Test2" finished-at="2022-11-08T01:13:11 EAT" duration-ms="9174">
      <class name="mavenforjenkins.UITest">
        <test-method signature="startBrowser(java.lang.String)[pri:0, instance:mavenforjenkins.UITest@2638011]" started-at="2022-11-08T01:13:02 EAT" name="startBrowser" finished-at="2022-11-08T01:13:11 EAT" duration-ms="9113" status="PASS">
          <params>
            <param index="0">
              <value>
                <![CDATA[Chrome]]>
              </value>
            </param>
          </params>
          <reporter-output>
          </reporter-output>
        </test-method> <!-- startBrowser -->
      </class> <!-- mavenforjenkins.UITest -->
    </test> <!-- Test2 -->
  </suite> <!-- Suite -->
</testng-results>
